<?xml version="1.0" encoding="UTF-8"?>
<!-- Generated by org.testng.reporters.JUnitXMLReporter -->
<testsuite ignored="0" hostname="Upendar" failures="0" tests="13" name="TutorialsNinja Test Cases" time="46.011" errors="0" timestamp="2023-06-19T09:17:41 IST">
  <testcase classname="com.tutorialsninja.qa.testcases.Register" name="verifyRegisteringAnAccountWithMandatoryFields" time="1.158"/>
  <testcase classname="com.tutorialsninja.qa.testcases.Register" name="verifyRegisteringAnAccountByProvidingAllTheFields" time="0.98"/>
  <testcase classname="com.tutorialsninja.qa.testcases.Register" name="verifyRegisteringAnAccountWithAlreadyExistingEmailAddress" time="0.849"/>
  <testcase classname="com.tutorialsninja.qa.testcases.Register" name="verifyRegisteringAnAccountWithoutFillingAnyDetails" time="0.321"/>
  <testcase classname="com.tutorialsninja.qa.testcases.Login" name="verifyLoginWithValidCredentials" time="0.623"/>
  <testcase classname="com.tutorialsninja.qa.testcases.Login" name="verifyLoginWithValidCredentials" time="0.74"/>
  <testcase classname="com.tutorialsninja.qa.testcases.Login" name="verifyLoginWithInvalidCredentials" time="0.529"/>
  <testcase classname="com.tutorialsninja.qa.testcases.Login" name="verifyLoginWithInvalidUsernameValidPassword" time="0.49"/>
  <testcase classname="com.tutorialsninja.qa.testcases.Login" name="verifyLoginWithValidUsernameInvalidPassword" time="0.449"/>
  <testcase classname="com.tutorialsninja.qa.testcases.Login" name="verifyLoginWithoutProvidingAnyCredentials" time="0.291"/>
  <testcase classname="com.tutorialsninja.qa.testcases.Search" name="verifySearchFunctionalityWithValidProduct" time="0.45"/>
  <testcase classname="com.tutorialsninja.qa.testcases.Search" name="verifySearchFunctionalityWithInvalidProduct" time="0.527"/>
  <testcase classname="com.tutorialsninja.qa.testcases.Search" name="verifySearchFunctionalityWithoutProvidingAnyProductName" time="0.284"/>
</testsuite> <!-- TutorialsNinja Test Cases -->
